<?xml version="1.0" encoding="UTF-8"?>
<testng-results ignored="0" total="1" passed="1" failed="0" skipped="0">
  <reporter-output>
  </reporter-output>
  <suite started-at="2022-02-13T17:15:39 IST" name="Default suite" finished-at="2022-02-13T17:15:39 IST" duration-ms="58">
    <groups>
    </groups>
    <test started-at="2022-02-13T17:15:39 IST" name="Default test" finished-at="2022-02-13T17:15:39 IST" duration-ms="58">
      <class name="social_media_automation.sma.FirstTest">
        <test-method signature="test()[pri:0, instance:social_media_automation.sma.FirstTest@2e55dd0c]" started-at="2022-02-13T17:15:39 IST" name="test" finished-at="2022-02-13T17:15:39 IST" duration-ms="13" status="PASS">
          <reporter-output>
          </reporter-output>
        </test-method> <!-- test -->
      </class> <!-- social_media_automation.sma.FirstTest -->
    </test> <!-- Default test -->
  </suite> <!-- Default suite -->
</testng-results>
